\BOOKMARK [0][-]{section*.1}{Abstract}{}
\BOOKMARK [0][-]{section*.1}{Acknowledgements}{}
\BOOKMARK [0][-]{chapter*.3}{List of Tables}{}
\BOOKMARK [0][-]{chapter*.4}{List of Figures}{}
\BOOKMARK [0][-]{chapter.5}{1 Introduction}{}
\BOOKMARK [1][-]{section.6}{1.1 Games, Strategies and Equilibria}{chapter.5}
\BOOKMARK [1][-]{section.8}{1.2 Our Contribution and Motivation}{chapter.5}
\BOOKMARK [1][-]{section.9}{1.3 Related Work}{chapter.5}
\BOOKMARK [1][-]{section.10}{1.4 Organization of the Thesis}{chapter.5}
\BOOKMARK [0][-]{chapter.11}{2 Multi-Player Concurrent Reachability Games}{}
\BOOKMARK [1][-]{section.12}{2.1 Preliminaries}{chapter.11}
\BOOKMARK [1][-]{section.21}{2.2 Multi-Player Concurrent Reachability Games}{chapter.11}
\BOOKMARK [1][-]{section.38}{2.3 Characterizing K-Resilient Nash Equilibria}{chapter.11}
\BOOKMARK [1][-]{section.60}{2.4 Application to Finite Games}{chapter.11}
\BOOKMARK [0][-]{chapter.73}{3 Timed Concurrent Reachability Games}{}
\BOOKMARK [1][-]{section.74}{3.1 Timed Games}{chapter.73}
\BOOKMARK [1][-]{section.78}{3.2 Semantics of Timed Games}{chapter.73}
\BOOKMARK [1][-]{section.79}{3.3 Region Games}{chapter.73}
\BOOKMARK [1][-]{section.81}{3.4 K-Resilient Nash Equilibria in Timed Games}{chapter.73}
\BOOKMARK [0][-]{chapter.92}{4 Conclusion and Future Work}{}
\BOOKMARK [0][-]{appendix.96}{A The Theory of Timed Automata}{}
\BOOKMARK [1][-]{section.97}{A.1 Timed Automata}{appendix.96}
\BOOKMARK [1][-]{section.111}{A.2 Clock Regions}{appendix.96}
\BOOKMARK [1][-]{section.120}{A.3 Region Automata}{appendix.96}
\BOOKMARK [0][-]{theorem.133}{Bibliography}{}
